Loaded 172 existing campaigns to check for doubles.
Debugger active tabs: 17
Connecting to: https://whydonate.com/fundraising/start
Starting full creation for 58 remaining campaigns...

--- [START] Help Haytham and his large family rebuild their lives in Gaza, Palestine. ---
Navigation attempt 1...
Navigation command acknowledged.
Page didn't load target text. Current snippet:
Snippet: 
Navigation attempt 2...
Navigation command acknowledged.
Page didn't load target text. Current snippet:
Snippet: 
Navigation attempt 3...
Navigation command acknowledged.
Page didn't load target text. Current snippet:
Snippet: right_panel_close
view_cozy
search
Search
Start Fundraiser
Donate
Categories
Palestine Relief
Ukraine
Flood
Earthquake
Fundraiser on WhyDonate
Fundraising Categories
Fundraising Blogs
Fundraising Tips
Failed to reach start page after 3 attempts.
FAILURE: Campaign 'Help Haytham and his large family rebuild their lives in Gaza, Palestine.' failed verification. Marking as failed_debug for now.

--- [START] Help Mohammed and his family survive the bombings and find safety ---
Navigation attempt 1...
Navigation command acknowledged.
Page didn't load target text. Current snippet:
Snippet: right_panel_close
view_cozy
search
Search
Start Fundraiser
Donate
Categories
Palestine Relief
Ukraine
Flood
Earthquake
Fundraiser on WhyDonate
Fundraising Categories
Fundraising Blogs
Fundraising Tips
Navigation attempt 2...
Navigation command acknowledged.
Page didn't load target text. Current snippet:
Snippet: 
Navigation attempt 3...
Navigation command acknowledged.
Page didn't load target text. Current snippet:
Snippet: 
Failed to reach start page after 3 attempts.
FAILURE: Campaign 'Help Mohammed and his family survive the bombings and find safety' failed verification. Marking as failed_debug for now.

--- [START] Help Aya and her family survive the bombings and find safety, Gaza, Palestine. ---
Navigation attempt 1...
Navigation command acknowledged.
Page didn't load target text. Current snippet:
Snippet: 
Navigation attempt 2...
Navigation command acknowledged.
Page didn't load target text. Current snippet:
Snippet: 
Navigation attempt 3...
Navigation command acknowledged.
Page didn't load target text. Current snippet:
Snippet: 
Failed to reach start page after 3 attempts.
FAILURE: Campaign 'Help Aya and her family survive the bombings and find safety, Gaza, Palestine.' failed verification. Marking as failed_debug for now.

--- [START] Help Youssef and his family survive the genocide by finding safety within Gaza, Palestine. ---
Navigation attempt 1...
Navigation command acknowledged.
Page didn't load target text. Current snippet:
Snippet: 
Navigation attempt 2...
Navigation command acknowledged.
Page didn't load target text. Current snippet:
Snippet: 
Navigation attempt 3...
Navigation command acknowledged.
Page didn't load target text. Current snippet:
Snippet: 
Failed to reach start page after 3 attempts.
FAILURE: Campaign 'Help Youssef and his family survive the genocide by finding safety within Gaza, Palestine.' failed verification. Marking as failed_debug for now.

--- [START] Help Maha and Her family survive the genocide in Gaza, Palestine. ---
Navigation attempt 1...
Navigation command acknowledged.
Page didn't load target text. Current snippet:
Snippet: right_panel_close
view_cozy
search
Search
Start Fundraiser
Donate
Categories
Palestine Relief
Ukraine
Flood
Earthquake
Fundraiser on WhyDonate
Fundraising Categories
Fundraising Blogs
Fundraising Tips
Navigation attempt 2...
Navigation command acknowledged.
Page didn't load target text. Current snippet:
Snippet: 
Navigation attempt 3...
Navigation command acknowledged.
Page didn't load target text. Current snippet:
Snippet: 
Failed to reach start page after 3 attempts.
FAILURE: Campaign 'Help Maha and Her family survive the genocide in Gaza, Palestine.' failed verification. Marking as failed_debug for now.

--- [START] Help Abdul Rahman and His family of 7 rent a house in Gaza, Palestine. ---
Navigation attempt 1...
Navigation command acknowledged.
Page didn't load target text. Current snippet:
Snippet: 
Navigation attempt 2...
Navigation command acknowledged.
Page didn't load target text. Current snippet:
Snippet: 
Navigation attempt 3...
Navigation command acknowledged.
Page didn't load target text. Current snippet:
Snippet: right_panel_close
view_cozy
search
Search
Start Fundraiser
Donate
Categories
Palestine Relief
Ukraine
Flood
Earthquake
Fundraiser on WhyDonate
Fundraising Categories
Fundraising Blogs
Fundraising Tips
Failed to reach start page after 3 attempts.
FAILURE: Campaign 'Help Abdul Rahman and His family of 7 rent a house in Gaza, Palestine.' failed verification. Marking as failed_debug for now.

--- [START] Help Faten to help His daughter and to rebuild their life in Gaza, Palestine. ---
Navigation attempt 1...
Navigation command acknowledged.
Page didn't load target text. Current snippet:
Snippet: 
Navigation attempt 2...
Navigation command acknowledged.
Page didn't load target text. Current snippet:
Snippet: 
Navigation attempt 3...
Navigation command acknowledged.
Page didn't load target text. Current snippet:
Snippet: 
Failed to reach start page after 3 attempts.
FAILURE: Campaign 'Help Faten to help His daughter and to rebuild their life in Gaza, Palestine.' failed verification. Marking as failed_debug for now.

--- [START] Help Hamed and His family to rebuild their life in Gaza, Palestine. ---
Navigation attempt 1...
Navigation command acknowledged.
Page didn't load target text. Current snippet:
Snippet: 
Navigation attempt 2...
Navigation command acknowledged.
Page didn't load target text. Current snippet:
Snippet: 
Navigation attempt 3...
Navigation command acknowledged.
Page didn't load target text. Current snippet:
Snippet: 
Failed to reach start page after 3 attempts.
FAILURE: Campaign 'Help Hamed and His family to rebuild their life in Gaza, Palestine.' failed verification. Marking as failed_debug for now.

--- [START] Help Abdullah and his family to rebuild their life in Gaza, Palestine. ---
Navigation attempt 1...
Navigation command acknowledged.
Page didn't load target text. Current snippet:
Snippet: right_panel_close
view_cozy
search
Search
Start Fundraiser
Donate
Categories
Palestine Relief
Ukraine
Flood
Earthquake
Fundraiser on WhyDonate
Fundraising Categories
Fundraising Blogs
Fundraising Tips
Navigation attempt 2...
Navigation command acknowledged.
Page didn't load target text. Current snippet:
Snippet: 
Navigation attempt 3...
Navigation command acknowledged.
Page didn't load target text. Current snippet:
Snippet: 
Failed to reach start page after 3 attempts.
FAILURE: Campaign 'Help Abdullah and his family to rebuild their life in Gaza, Palestine.' failed verification. Marking as failed_debug for now.

--- [START] Save Salman Ali and his family from the awful destruction in Gaza, Palestine. ---
Navigation attempt 1...
Navigation command acknowledged.
Page didn't load target text. Current snippet:
Snippet: 
Navigation attempt 2...
Navigation command acknowledged.
Page didn't load target text. Current snippet:
Snippet: 
Navigation attempt 3...
Navigation command acknowledged.
Page didn't load target text. Current snippet:
Snippet: 
Failed to reach start page after 3 attempts.
FAILURE: Campaign 'Save Salman Ali and his family from the awful destruction in Gaza, Palestine.' failed verification. Marking as failed_debug for now.

--- [START] Help Heba & Hassan and their children rebuild their life in Gaza ---
Navigation attempt 1...
Navigation command acknowledged.
Page didn't load target text. Current snippet:
Snippet: 
Navigation attempt 2...
Navigation command acknowledged.
Page didn't load target text. Current snippet:
Snippet: 
Navigation attempt 3...
Navigation command acknowledged.
Page didn't load target text. Current snippet:
Snippet: 
Failed to reach start page after 3 attempts.
FAILURE: Campaign 'Help Heba & Hassan and their children rebuild their life in Gaza' failed verification. Marking as failed_debug for now.

--- [START] Help Gaza Nurse Abdel-Rahim Louh Rebuild His Home รป He and His Family Are Living in a Tent ---
Navigation attempt 1...
Navigation command acknowledged.
Page didn't load target text. Current snippet:
Snippet: 
Navigation attempt 2...
Navigation command acknowledged.
Page didn't load target text. Current snippet:
Snippet: 
Navigation attempt 3...
Navigation command acknowledged.
Page didn't load target text. Current snippet:
Snippet: 
Failed to reach start page after 3 attempts.
FAILURE: Campaign 'Help Gaza Nurse Abdel-Rahim Louh Rebuild His Home รป He and His Family Are Living in a Tent' failed verification. Marking as failed_debug for now.

--- [START] Help Khaled Yahya rebuild his life in Gaza, Palestine ---
Navigation attempt 1...
Navigation command acknowledged.
Page didn't load target text. Current snippet:
Snippet: 
Navigation attempt 2...
Navigation command acknowledged.
Page didn't load target text. Current snippet:
Snippet: 
Navigation attempt 3...
Navigation command acknowledged.
Page didn't load target text. Current snippet:
Snippet: 
Failed to reach start page after 3 attempts.
FAILURE: Campaign 'Help Khaled Yahya rebuild his life in Gaza, Palestine' failed verification. Marking as failed_debug for now.

--- [START] Help Shereen and her family survive Gaza genocide ---
Navigation attempt 1...
Navigation command acknowledged.
Page didn't load target text. Current snippet:
Snippet: 
Navigation attempt 2...
Navigation command acknowledged.
Page didn't load target text. Current snippet:
Snippet: 
Navigation attempt 3...
Navigation command acknowledged.
Page didn't load target text. Current snippet:
Snippet: 
Failed to reach start page after 3 attempts.
FAILURE: Campaign 'Help Shereen and her family survive Gaza genocide' failed verification. Marking as failed_debug for now.

--- [START] Together we narrate the hearts of thirst and feed hungry souls ---
Navigation attempt 1...
Navigation command acknowledged.
Page didn't load target text. Current snippet:
Snippet: 
Navigation attempt 2...
Navigation command acknowledged.
Page didn't load target text. Current snippet:
Snippet: 
Navigation attempt 3...
Navigation command acknowledged.
Page didn't load target text. Current snippet:
Snippet: 
Failed to reach start page after 3 attempts.
FAILURE: Campaign 'Together we narrate the hearts of thirst and feed hungry souls' failed verification. Marking as failed_debug for now.

--- [START] Help Mohammed Suhail support his family and his injured father in Gaza ---
Navigation attempt 1...
Navigation command acknowledged.
Page didn't load target text. Current snippet:
Snippet: 
Navigation attempt 2...
Navigation command acknowledged.
Page didn't load target text. Current snippet:
Snippet: 
Navigation attempt 3...
Navigation command acknowledged.
Page didn't load target text. Current snippet:
Snippet: 
Failed to reach start page after 3 attempts.
FAILURE: Campaign 'Help Mohammed Suhail support his family and his injured father in Gaza' failed verification. Marking as failed_debug for now.

--- [START] Save Um Mohammed's children and support rebuilding their lives in Gaza ---
Navigation attempt 1...
Navigation command acknowledged.
Page didn't load target text. Current snippet:
Snippet: 
Navigation attempt 2...
Navigation command acknowledged.
Page didn't load target text. Current snippet:
Snippet: 
Navigation attempt 3...
Navigation command acknowledged.
Page didn't load target text. Current snippet:
Snippet: right_panel_close
view_cozy
search
Search
Start Fundraiser
Donate
Categories
Palestine Relief
Ukraine
Flood
Earthquake
Fundraiser on WhyDonate
Fundraising Categories
Fundraising Blogs
Fundraising Tips
Failed to reach start page after 3 attempts.
FAILURE: Campaign 'Save Um Mohammed's children and support rebuilding their lives in Gaza' failed verification. Marking as failed_debug for now.

--- [START] Help Iman Abu Mustafa to provide for her family of 6, in Gaza ---
Navigation attempt 1...
Navigation command acknowledged.
Page didn't load target text. Current snippet:
Snippet: 
Navigation attempt 2...
Navigation command acknowledged.
Page didn't load target text. Current snippet:
Snippet: right_panel_close
view_cozy
search
Search
Start Fundraiser
Donate
Categories
Palestine Relief
Ukraine
Flood
Earthquake
Fundraiser on WhyDonate
Fundraising Categories
Fundraising Blogs
Fundraising Tips
Navigation attempt 3...
Navigation command acknowledged.
Page didn't load target text. Current snippet:
Snippet: right_panel_close
view_cozy
search
Search
Start Fundraiser
Donate
Categories
Palestine Relief
Ukraine
Flood
Earthquake
Fundraiser on WhyDonate
Fundraising Categories
Fundraising Blogs
Fundraising Tips
Failed to reach start page after 3 attempts.
FAILURE: Campaign 'Help Iman Abu Mustafa to provide for her family of 6, in Gaza' failed verification. Marking as failed_debug for now.

--- [START] Help Rahaf Baha and her family of 11 souls in Gaza ---
Navigation attempt 1...
Navigation command acknowledged.
Page didn't load target text. Current snippet:
Snippet: 
Navigation attempt 2...
Navigation command acknowledged.
Page didn't load target text. Current snippet:
Snippet: 
Navigation attempt 3...
Navigation command acknowledged.
Page didn't load target text. Current snippet:
Snippet: right_panel_close
view_cozy
search
Search
Start Fundraiser
Donate
Categories
Palestine Relief
Ukraine
Flood
Earthquake
Fundraiser on WhyDonate
Fundraising Categories
Fundraising Blogs
Fundraising Tips
Failed to reach start page after 3 attempts.
FAILURE: Campaign 'Help Rahaf Baha and her family of 11 souls in Gaza' failed verification. Marking as failed_debug for now.

--- [START] Help Lama regain control of her destiny in Gaza ---
Navigation attempt 1...
Navigation command acknowledged.
Page didn't load target text. Current snippet:
Snippet: right_panel_close
view_cozy
search
Search
Start Fundraiser
Donate
Categories
Palestine Relief
Ukraine
Flood
Earthquake
Fundraiser on WhyDonate
Fundraising Categories
Fundraising Blogs
Fundraising Tips
Navigation attempt 2...
Navigation command acknowledged.
Page didn't load target text. Current snippet:
Snippet: 
Navigation attempt 3...
Navigation command acknowledged.
Page didn't load target text. Current snippet:
Snippet: 
Failed to reach start page after 3 attempts.
FAILURE: Campaign 'Help Lama regain control of her destiny in Gaza' failed verification. Marking as failed_debug for now.

--- [START] Save Aya's son life and restore their hopes in Gaza ---
Navigation attempt 1...
Navigation command acknowledged.
Page didn't load target text. Current snippet:
Snippet: 
Navigation attempt 2...
Navigation command acknowledged.
Page didn't load target text. Current snippet:
Snippet: 
Navigation attempt 3...
Navigation command acknowledged.
Page didn't load target text. Current snippet:
Snippet: right_panel_close
view_cozy
search
Search
Start Fundraiser
Donate
Categories
Palestine Relief
Ukraine
Flood
Earthquake
Fundraiser on WhyDonate
Fundraising Categories
Fundraising Blogs
Fundraising Tips
Failed to reach start page after 3 attempts.
FAILURE: Campaign 'Save Aya's son life and restore their hopes in Gaza' failed verification. Marking as failed_debug for now.

--- [START] Help Ismail's family of 12 members in destroyed Gaza, Palestine ---
Navigation attempt 1...
Navigation command acknowledged.
Page didn't load target text. Current snippet:
Snippet: 
Navigation attempt 2...
Navigation command acknowledged.
Page didn't load target text. Current snippet:
Snippet: right_panel_close
view_cozy
search
Search
Start Fundraiser
Donate
Categories
Palestine Relief
Ukraine
Flood
Earthquake
Fundraiser on WhyDonate
Fundraising Categories
Fundraising Blogs
Fundraising Tips
Navigation attempt 3...
Navigation command acknowledged.
Page didn't load target text. Current snippet:
Snippet: 
Failed to reach start page after 3 attempts.
FAILURE: Campaign 'Help Ismail's family of 12 members in destroyed Gaza, Palestine' failed verification. Marking as failed_debug for now.

--- [START] Help Anas support his family of 7 sibblings in Gaza ---
Navigation attempt 1...
Navigation command acknowledged.
Page didn't load target text. Current snippet:
Snippet: 
Navigation attempt 2...
Navigation command acknowledged.
Page didn't load target text. Current snippet:
Snippet: 
Navigation attempt 3...
Navigation command acknowledged.
Page didn't load target text. Current snippet:
Snippet: right_panel_close
view_cozy
search
Search
Start Fundraiser
Donate
Categories
Palestine Relief
Ukraine
Flood
Earthquake
Fundraiser on WhyDonate
Fundraising Categories
Fundraising Blogs
Fundraising Tips
Failed to reach start page after 3 attempts.
FAILURE: Campaign 'Help Anas support his family of 7 sibblings in Gaza' failed verification. Marking as failed_debug for now.

--- [START] Help Muhammad support his family of seven in Gaza ---
Navigation attempt 1...
Navigation command acknowledged.
Page didn't load target text. Current snippet:
Snippet: right_panel_close
view_cozy
search
Search
Start Fundraiser
Donate
Categories
Palestine Relief
Ukraine
Flood
Earthquake
Fundraiser on WhyDonate
Fundraising Categories
Fundraising Blogs
Fundraising Tips
Navigation attempt 2...
Navigation command acknowledged.
Page didn't load target text. Current snippet:
Snippet: 
Navigation attempt 3...
Navigation command acknowledged.
Page didn't load target text. Current snippet:
Snippet: 
Failed to reach start page after 3 attempts.
FAILURE: Campaign 'Help Muhammad support his family of seven in Gaza' failed verification. Marking as failed_debug for now.

--- [START] Help Ehsan mother of three and pregnant in Gaza, Palestine ---
Navigation attempt 1...
Navigation command acknowledged.
Page didn't load target text. Current snippet:
Snippet: right_panel_close
view_cozy
search
Search
Start Fundraiser
Donate
Categories
Palestine Relief
Ukraine
Flood
Earthquake
Fundraiser on WhyDonate
Fundraising Categories
Fundraising Blogs
Fundraising Tips
Navigation attempt 2...
Navigation command acknowledged.
Page didn't load target text. Current snippet:
Snippet: 
Navigation attempt 3...
Navigation command acknowledged.
Page didn't load target text. Current snippet:
Snippet: 
Failed to reach start page after 3 attempts.
FAILURE: Campaign 'Help Ehsan mother of three and pregnant in Gaza, Palestine' failed verification. Marking as failed_debug for now.

--- [START] Help Samir, father of four survive in Gaza, Palestine ---
Navigation attempt 1...
Navigation command acknowledged.
Page didn't load target text. Current snippet:
Snippet: right_panel_close
view_cozy
search
Search
Start Fundraiser
Donate
Categories
Palestine Relief
Ukraine
Flood
Earthquake
Fundraiser on WhyDonate
Fundraising Categories
Fundraising Blogs
Fundraising Tips
Navigation attempt 2...
Navigation command acknowledged.
Page didn't load target text. Current snippet:
Snippet: 
Navigation attempt 3...
Navigation command acknowledged.
Page didn't load target text. Current snippet:
Snippet: 
Failed to reach start page after 3 attempts.
FAILURE: Campaign 'Help Samir, father of four survive in Gaza, Palestine' failed verification. Marking as failed_debug for now.

--- [START] Help sister Nagham provide for her brother and her parents in Gaza ---
Navigation attempt 1...
Navigation command acknowledged.
Page didn't load target text. Current snippet:
Snippet: 
Navigation attempt 2...
Navigation command acknowledged.
Page didn't load target text. Current snippet:
Snippet: 
Navigation attempt 3...
Navigation command acknowledged.
Page didn't load target text. Current snippet:
Snippet: 
Failed to reach start page after 3 attempts.
FAILURE: Campaign 'Help sister Nagham provide for her brother and her parents in Gaza' failed verification. Marking as failed_debug for now.

--- [START] Help Fares recover and help his family in Gaza ---
Navigation attempt 1...
Navigation command acknowledged.
Page didn't load target text. Current snippet:
Snippet: 
Navigation attempt 2...
Navigation command acknowledged.
Page didn't load target text. Current snippet:
Snippet: 
Navigation attempt 3...
Navigation command acknowledged.
Page didn't load target text. Current snippet:
Snippet: 
Failed to reach start page after 3 attempts.
FAILURE: Campaign 'Help Fares recover and help his family in Gaza' failed verification. Marking as failed_debug for now.

--- [START] Help Hisham rebuild a life in dignity in Gaza ---
Navigation attempt 1...
Navigation command acknowledged.
Page didn't load target text. Current snippet:
Snippet: right_panel_close
view_cozy
search
Search
Start Fundraiser
Donate
Categories
Palestine Relief
Ukraine
Flood
Earthquake
Fundraiser on WhyDonate
Fundraising Categories
Fundraising Blogs
Fundraising Tips
Navigation attempt 2...
Navigation command acknowledged.
Page didn't load target text. Current snippet:
Snippet: 
Navigation attempt 3...
Navigation command acknowledged.
Page didn't load target text. Current snippet:
Snippet: right_panel_close
view_cozy
search
Search
Start Fundraiser
Donate
Categories
Palestine Relief
Ukraine
Flood
Earthquake
Fundraiser on WhyDonate
Fundraising Categories
Fundraising Blogs
Fundraising Tips
Failed to reach start page after 3 attempts.
FAILURE: Campaign 'Help Hisham rebuild a life in dignity in Gaza' failed verification. Marking as failed_debug for now.

--- [START] Help Khalil's mother provide her son a good life in Gaza ---
Navigation attempt 1...
Navigation command acknowledged.
Page didn't load target text. Current snippet:
Snippet: 
Navigation attempt 2...
Navigation command acknowledged.
Page didn't load target text. Current snippet:
Snippet: 
Navigation attempt 3...
Navigation command acknowledged.
Page didn't load target text. Current snippet:
Snippet: 
Failed to reach start page after 3 attempts.
FAILURE: Campaign 'Help Khalil's mother provide her son a good life in Gaza' failed verification. Marking as failed_debug for now.

--- [START] Help Lina mother of two surviving without a shelter in Gaza ---
Navigation attempt 1...
Navigation command acknowledged.
Page didn't load target text. Current snippet:
Snippet: right_panel_close
view_cozy
search
Search
Start Fundraiser
Donate
Categories
Palestine Relief
Ukraine
Flood
Earthquake
Fundraiser on WhyDonate
Fundraising Categories
Fundraising Blogs
Fundraising Tips
Navigation attempt 2...
Navigation command acknowledged.
Page didn't load target text. Current snippet:
Snippet: 
Navigation attempt 3...
Navigation command acknowledged.
Page didn't load target text. Current snippet:
Snippet: 
Failed to reach start page after 3 attempts.
FAILURE: Campaign 'Help Lina mother of two surviving without a shelter in Gaza' failed verification. Marking as failed_debug for now.

--- [START] Help Sister Reem's son with skin condition and survival in Gaza ---
Navigation attempt 1...
Navigation command acknowledged.
Page didn't load target text. Current snippet:
Snippet: right_panel_close
view_cozy
search
Search
Start Fundraiser
Donate
Categories
Palestine Relief
Ukraine
Flood
Earthquake
Fundraiser on WhyDonate
Fundraising Categories
Fundraising Blogs
Fundraising Tips
Navigation attempt 2...
Navigation command acknowledged.
Page didn't load target text. Current snippet:
Snippet: right_panel_close
view_cozy
search
Search
Start Fundraiser
Donate
Categories
Palestine Relief
Ukraine
Flood
Earthquake
Fundraiser on WhyDonate
Fundraising Categories
Fundraising Blogs
Fundraising Tips
Navigation attempt 3...
Navigation command acknowledged.
Page didn't load target text. Current snippet:
Snippet: 
Failed to reach start page after 3 attempts.
FAILURE: Campaign 'Help Sister Reem's son with skin condition and survival in Gaza' failed verification. Marking as failed_debug for now.

--- [START] Help Mohammed his family of 9 surviving in Gaza ---
Navigation attempt 1...
Navigation command acknowledged.
Page didn't load target text. Current snippet:
Snippet: right_panel_close
view_cozy
search
Search
Start Fundraiser
Donate
Categories
Palestine Relief
Ukraine
Flood
Earthquake
Fundraiser on WhyDonate
Fundraising Categories
Fundraising Blogs
Fundraising Tips
Navigation attempt 2...
Navigation command acknowledged.
Page didn't load target text. Current snippet:
Snippet: 
Navigation attempt 3...
Navigation command acknowledged.
Page didn't load target text. Current snippet:
Snippet: right_panel_close
view_cozy
search
Search
Start Fundraiser
Donate
Categories
Palestine Relief
Ukraine
Flood
Earthquake
Fundraiser on WhyDonate
Fundraising Categories
Fundraising Blogs
Fundraising Tips
Failed to reach start page after 3 attempts.
FAILURE: Campaign 'Help Mohammed his family of 9 surviving in Gaza' failed verification. Marking as failed_debug for now.
Traceback (most recent call last):
  File "C:\Users\gaelf\Documents\GitHub\local_ai_campaign_assistant\scripts\batch_create_campaigns.py", line 590, in <module>
    main()
    ~~~~^^
  File "C:\Users\gaelf\Documents\GitHub\local_ai_campaign_assistant\scripts\batch_create_campaigns.py", line 566, in main
    res = process_campaign(ws, campaign)
  File "C:\Users\gaelf\Documents\GitHub\local_ai_campaign_assistant\scripts\batch_create_campaigns.py", line 154, in process_campaign
    print(f"\n--- [START] {campaign['title']} ---", flush=True)
    ~~~~~^^^^^^^^^^^^^^^^^^^^^^^^^^^^^^^^^^^^^^^^^^^^^^^^^^^^^^
  File "C:\Users\gaelf\miniconda3\Lib\encodings\cp1252.py", line 19, in encode
    return codecs.charmap_encode(input,self.errors,encoding_table)[0]
           ~~~~~~~~~~~~~~~~~~~~~^^^^^^^^^^^^^^^^^^^^^^^^^^^^^^^^^^
UnicodeEncodeError: 'charmap' codec can't encode character '\U0001f349' in position 65: character maps to <undefined>
